2023-03-06 01:10:53,544 - root - INFO - Main - acquire a child logger and then log messages in the child
2023-03-06 01:10:53,544 - DiscoveryAppln - DEBUG - Main: parse command line arguments
2023-03-06 01:10:53,729 - DiscoveryAppln - DEBUG - Main: resetting log level to 10
2023-03-06 01:10:53,730 - DiscoveryAppln - DEBUG - Main: effective log level is 10
2023-03-06 01:10:53,730 - DiscoveryAppln - DEBUG - Main: obtain the discovery appln object
2023-03-06 01:10:53,731 - DiscoveryAppln - DEBUG - Main: configure the discovery appln object
2023-03-06 01:10:53,739 - DiscoveryAppln - INFO - DiscoveryAppln::configure
2023-03-06 01:10:53,739 - DiscoveryAppln - DEBUG - DiscoveryAppln::configure - parsing config.ini
2023-03-06 01:10:53,743 - DiscoveryAppln - INFO - DiscoveryAppln::configure DHT
2023-03-06 01:10:53,744 - DiscoveryAppln - DEBUG - DiscoveryAppln::configure DHT - reading dht file
2023-03-06 01:10:53,744 - DiscoveryAppln - DEBUG - DiscoveryAppln::configure DHT - generate finger table
2023-03-06 01:10:53,744 - DiscoveryAppln - INFO - DiscoveryAppln::generate_finger_table
2023-03-06 01:10:53,745 - DiscoveryAppln - INFO - DiscoveryAppln::generate completed
2023-03-06 01:10:53,745 - DiscoveryAppln - INFO - DiscoveryAppln::configure DHT complete
2023-03-06 01:10:53,745 - DiscoveryAppln - DEBUG - DiscoveryAppln::configure - initialize the middleware object
2023-03-06 01:10:53,746 - DiscoveryAppln - INFO - DiscoveryMW::configure
2023-03-06 01:10:53,746 - DiscoveryAppln - DEBUG - DiscoveryMW::configure - obtain ZMQ context
2023-03-06 01:10:53,746 - DiscoveryAppln - DEBUG - DiscoveryMW::configure - obtain the poller
2023-03-06 01:10:53,747 - DiscoveryAppln - DEBUG - DiscoveryMW::configure - obtain REP sockets
2023-03-06 01:10:53,782 - DiscoveryAppln - DEBUG - DiscoveryMW::configure - register the REQ socket for incoming replies
2023-03-06 01:10:53,791 - DiscoveryAppln - DEBUG - DiscoveryMW::configure - bind the port
2023-03-06 01:10:53,819 - DiscoveryAppln - DEBUG - DiscoveryAppln::configure 10.0.0.13:5555
2023-03-06 01:10:53,822 - DiscoveryAppln - ERROR - Exception caught in main - Cannot assign requested address
