2023-03-06 01:10:53,742 - root - INFO - Main - acquire a child logger and then log messages in the child
2023-03-06 01:10:53,747 - DiscoveryAppln - DEBUG - Main: parse command line arguments
2023-03-06 01:10:53,865 - DiscoveryAppln - DEBUG - Main: resetting log level to 10
2023-03-06 01:10:53,866 - DiscoveryAppln - DEBUG - Main: effective log level is 10
2023-03-06 01:10:53,872 - DiscoveryAppln - DEBUG - Main: obtain the discovery appln object
2023-03-06 01:10:53,873 - DiscoveryAppln - DEBUG - Main: configure the discovery appln object
2023-03-06 01:10:53,874 - DiscoveryAppln - INFO - DiscoveryAppln::configure
2023-03-06 01:10:53,884 - DiscoveryAppln - DEBUG - DiscoveryAppln::configure - parsing config.ini
2023-03-06 01:10:53,885 - DiscoveryAppln - INFO - DiscoveryAppln::configure DHT
2023-03-06 01:10:53,885 - DiscoveryAppln - DEBUG - DiscoveryAppln::configure DHT - reading dht file
2023-03-06 01:10:53,886 - DiscoveryAppln - DEBUG - DiscoveryAppln::configure DHT - generate finger table
2023-03-06 01:10:53,886 - DiscoveryAppln - INFO - DiscoveryAppln::generate_finger_table
2023-03-06 01:10:53,887 - DiscoveryAppln - INFO - DiscoveryAppln::generate completed
2023-03-06 01:10:53,887 - DiscoveryAppln - INFO - DiscoveryAppln::configure DHT complete
2023-03-06 01:10:53,888 - DiscoveryAppln - DEBUG - DiscoveryAppln::configure - initialize the middleware object
2023-03-06 01:10:53,891 - DiscoveryAppln - INFO - DiscoveryMW::configure
2023-03-06 01:10:53,891 - DiscoveryAppln - DEBUG - DiscoveryMW::configure - obtain ZMQ context
2023-03-06 01:10:53,892 - DiscoveryAppln - DEBUG - DiscoveryMW::configure - obtain the poller
2023-03-06 01:10:53,902 - DiscoveryAppln - DEBUG - DiscoveryMW::configure - obtain REP sockets
2023-03-06 01:10:53,904 - DiscoveryAppln - DEBUG - DiscoveryMW::configure - register the REQ socket for incoming replies
2023-03-06 01:10:53,905 - DiscoveryAppln - DEBUG - DiscoveryMW::configure - bind the port
2023-03-06 01:10:53,905 - DiscoveryAppln - DEBUG - DiscoveryAppln::configure 10.0.0.5:5555
2023-03-06 01:10:53,905 - DiscoveryAppln - ERROR - Exception caught in main - Cannot assign requested address
