2023-03-06 01:10:54,128 - root - INFO - Main - acquire a child logger and then log messages in the child
2023-03-06 01:10:54,129 - DiscoveryAppln - DEBUG - Main: parse command line arguments
2023-03-06 01:10:54,313 - DiscoveryAppln - DEBUG - Main: resetting log level to 10
2023-03-06 01:10:54,325 - DiscoveryAppln - DEBUG - Main: effective log level is 10
2023-03-06 01:10:54,331 - DiscoveryAppln - DEBUG - Main: obtain the discovery appln object
2023-03-06 01:10:54,331 - DiscoveryAppln - DEBUG - Main: configure the discovery appln object
2023-03-06 01:10:54,331 - DiscoveryAppln - INFO - DiscoveryAppln::configure
2023-03-06 01:10:54,331 - DiscoveryAppln - DEBUG - DiscoveryAppln::configure - parsing config.ini
2023-03-06 01:10:54,332 - DiscoveryAppln - INFO - DiscoveryAppln::configure DHT
2023-03-06 01:10:54,332 - DiscoveryAppln - DEBUG - DiscoveryAppln::configure DHT - reading dht file
2023-03-06 01:10:54,342 - DiscoveryAppln - DEBUG - DiscoveryAppln::configure DHT - generate finger table
2023-03-06 01:10:54,342 - DiscoveryAppln - INFO - DiscoveryAppln::generate_finger_table
2023-03-06 01:10:54,343 - DiscoveryAppln - INFO - DiscoveryAppln::generate completed
2023-03-06 01:10:54,343 - DiscoveryAppln - INFO - DiscoveryAppln::configure DHT complete
2023-03-06 01:10:54,343 - DiscoveryAppln - DEBUG - DiscoveryAppln::configure - initialize the middleware object
2023-03-06 01:10:54,343 - DiscoveryAppln - INFO - DiscoveryMW::configure
2023-03-06 01:10:54,343 - DiscoveryAppln - DEBUG - DiscoveryMW::configure - obtain ZMQ context
2023-03-06 01:10:54,343 - DiscoveryAppln - DEBUG - DiscoveryMW::configure - obtain the poller
2023-03-06 01:10:54,343 - DiscoveryAppln - DEBUG - DiscoveryMW::configure - obtain REP sockets
2023-03-06 01:10:54,514 - DiscoveryAppln - DEBUG - DiscoveryMW::configure - register the REQ socket for incoming replies
2023-03-06 01:10:54,515 - DiscoveryAppln - DEBUG - DiscoveryMW::configure - bind the port
2023-03-06 01:10:54,516 - DiscoveryAppln - DEBUG - DiscoveryAppln::configure 10.0.0.11:5557
2023-03-06 01:10:54,516 - DiscoveryAppln - ERROR - Exception caught in main - Cannot assign requested address
