2023-03-06 01:10:53,897 - root - INFO - Main - acquire a child logger and then log messages in the child
2023-03-06 01:10:53,899 - DiscoveryAppln - DEBUG - Main: parse command line arguments
2023-03-06 01:10:53,953 - DiscoveryAppln - DEBUG - Main: resetting log level to 10
2023-03-06 01:10:53,954 - DiscoveryAppln - DEBUG - Main: effective log level is 10
2023-03-06 01:10:53,954 - DiscoveryAppln - DEBUG - Main: obtain the discovery appln object
2023-03-06 01:10:53,955 - DiscoveryAppln - DEBUG - Main: configure the discovery appln object
2023-03-06 01:10:53,956 - DiscoveryAppln - INFO - DiscoveryAppln::configure
2023-03-06 01:10:53,969 - DiscoveryAppln - DEBUG - DiscoveryAppln::configure - parsing config.ini
2023-03-06 01:10:53,981 - DiscoveryAppln - INFO - DiscoveryAppln::configure DHT
2023-03-06 01:10:53,983 - DiscoveryAppln - DEBUG - DiscoveryAppln::configure DHT - reading dht file
2023-03-06 01:10:53,991 - DiscoveryAppln - DEBUG - DiscoveryAppln::configure DHT - generate finger table
2023-03-06 01:10:53,993 - DiscoveryAppln - INFO - DiscoveryAppln::generate_finger_table
2023-03-06 01:10:53,994 - DiscoveryAppln - INFO - DiscoveryAppln::generate completed
2023-03-06 01:10:53,995 - DiscoveryAppln - INFO - DiscoveryAppln::configure DHT complete
2023-03-06 01:10:53,995 - DiscoveryAppln - DEBUG - DiscoveryAppln::configure - initialize the middleware object
2023-03-06 01:10:53,995 - DiscoveryAppln - INFO - DiscoveryMW::configure
2023-03-06 01:10:53,995 - DiscoveryAppln - DEBUG - DiscoveryMW::configure - obtain ZMQ context
2023-03-06 01:10:53,999 - DiscoveryAppln - DEBUG - DiscoveryMW::configure - obtain the poller
2023-03-06 01:10:53,999 - DiscoveryAppln - DEBUG - DiscoveryMW::configure - obtain REP sockets
2023-03-06 01:10:54,003 - DiscoveryAppln - DEBUG - DiscoveryMW::configure - register the REQ socket for incoming replies
2023-03-06 01:10:54,003 - DiscoveryAppln - DEBUG - DiscoveryMW::configure - bind the port
2023-03-06 01:10:54,004 - DiscoveryAppln - DEBUG - DiscoveryAppln::configure 10.0.0.1:5556
2023-03-06 01:10:54,005 - DiscoveryAppln - ERROR - Exception caught in main - Cannot assign requested address
