2023-03-06 01:10:52,333 - root - INFO - Main - acquire a child logger and then log messages in the child
2023-03-06 01:10:52,814 - DiscoveryAppln - DEBUG - Main: parse command line arguments
2023-03-06 01:10:52,866 - DiscoveryAppln - DEBUG - Main: resetting log level to 10
2023-03-06 01:10:53,092 - DiscoveryAppln - DEBUG - Main: effective log level is 10
2023-03-06 01:10:53,414 - DiscoveryAppln - DEBUG - Main: obtain the discovery appln object
2023-03-06 01:10:53,414 - DiscoveryAppln - DEBUG - Main: configure the discovery appln object
2023-03-06 01:10:53,415 - DiscoveryAppln - INFO - DiscoveryAppln::configure
2023-03-06 01:10:53,415 - DiscoveryAppln - DEBUG - DiscoveryAppln::configure - parsing config.ini
2023-03-06 01:10:53,416 - DiscoveryAppln - INFO - DiscoveryAppln::configure DHT
2023-03-06 01:10:53,416 - DiscoveryAppln - DEBUG - DiscoveryAppln::configure DHT - reading dht file
2023-03-06 01:10:53,416 - DiscoveryAppln - DEBUG - DiscoveryAppln::configure DHT - generate finger table
2023-03-06 01:10:53,417 - DiscoveryAppln - INFO - DiscoveryAppln::generate_finger_table
2023-03-06 01:10:53,417 - DiscoveryAppln - INFO - DiscoveryAppln::generate completed
2023-03-06 01:10:53,418 - DiscoveryAppln - INFO - DiscoveryAppln::configure DHT complete
2023-03-06 01:10:53,498 - DiscoveryAppln - DEBUG - DiscoveryAppln::configure - initialize the middleware object
2023-03-06 01:10:53,498 - DiscoveryAppln - INFO - DiscoveryMW::configure
2023-03-06 01:10:53,498 - DiscoveryAppln - DEBUG - DiscoveryMW::configure - obtain ZMQ context
2023-03-06 01:10:53,499 - DiscoveryAppln - DEBUG - DiscoveryMW::configure - obtain the poller
2023-03-06 01:10:53,499 - DiscoveryAppln - DEBUG - DiscoveryMW::configure - obtain REP sockets
2023-03-06 01:10:53,503 - DiscoveryAppln - DEBUG - DiscoveryMW::configure - register the REQ socket for incoming replies
2023-03-06 01:10:53,504 - DiscoveryAppln - DEBUG - DiscoveryMW::configure - bind the port
2023-03-06 01:10:53,648 - DiscoveryAppln - DEBUG - DiscoveryAppln::configure 10.0.0.15:5555
2023-03-06 01:10:53,669 - DiscoveryAppln - ERROR - Exception caught in main - Cannot assign requested address
